<?xml version="1.0" encoding="UTF-8"?>
<!-- Generated by org.testng.reporters.JUnitReportReporter -->
<testsuite hostname="DESKTOP-GRUJ0M8" failures="0" tests="4" name="runners.TestRunner" time="32.844" errors="0" timestamp="2025-01-12T08:15:36 IST" skipped="0">
  <testcase classname="runners.TestRunner" name="runScenario" time="7.653"/>
  <testcase classname="runners.TestRunner" name="runScenario" time="6.605"/>
  <testcase classname="runners.TestRunner" name="runScenario" time="9.201"/>
  <testcase classname="runners.TestRunner" name="runScenario" time="9.385"/>
</testsuite> <!-- runners.TestRunner -->
