<?xml version="1.0" encoding="UTF-8"?>
<!-- Generated by org.testng.reporters.JUnitReportReporter -->
<testsuite hostname="DESKTOP-GRUJ0M8" failures="0" tests="2" name="runners.TestRunner2" time="13.217" errors="0" timestamp="2025-01-12T08:25:59 IST" skipped="0">
  <testcase classname="runners.TestRunner2" name="runScenario" time="7.389"/>
  <testcase classname="runners.TestRunner2" name="runScenario" time="5.828"/>
</testsuite> <!-- runners.TestRunner2 -->
